03-11-2024 18:56:ERROR:root:eventHanlder.__CtrlPressed() missing 1 required positional argument: 'key'
Traceback (most recent call last):
  File "/home/samrbdev/Desktop/Projects/ClipBlend/classes/eventHandler.py", line 53, in on_press
    self.__CtrlPressed()
TypeError: eventHanlder.__CtrlPressed() missing 1 required positional argument: 'key'
03-11-2024 18:56:ERROR:root:eventHanlder.__CtrlPressed() missing 1 required positional argument: 'key'
Traceback (most recent call last):
  File "/home/samrbdev/Desktop/Projects/ClipBlend/classes/eventHandler.py", line 53, in on_press
    self.__CtrlPressed()
TypeError: eventHanlder.__CtrlPressed() missing 1 required positional argument: 'key'
03-11-2024 18:56:ERROR:root:eventHanlder.__CtrlPressed() missing 1 required positional argument: 'key'
Traceback (most recent call last):
  File "/home/samrbdev/Desktop/Projects/ClipBlend/classes/eventHandler.py", line 53, in on_press
    self.__CtrlPressed()
TypeError: eventHanlder.__CtrlPressed() missing 1 required positional argument: 'key'
03-11-2024 18:56:ERROR:root:eventHanlder.__CtrlPressed() missing 1 required positional argument: 'key'
Traceback (most recent call last):
  File "/home/samrbdev/Desktop/Projects/ClipBlend/classes/eventHandler.py", line 53, in on_press
    self.__CtrlPressed()
TypeError: eventHanlder.__CtrlPressed() missing 1 required positional argument: 'key'
03-11-2024 18:56:ERROR:root:eventHanlder.__CtrlPressed() missing 1 required positional argument: 'key'
Traceback (most recent call last):
  File "/home/samrbdev/Desktop/Projects/ClipBlend/classes/eventHandler.py", line 53, in on_press
    self.__CtrlPressed()
TypeError: eventHanlder.__CtrlPressed() missing 1 required positional argument: 'key'
03-11-2024 18:56:ERROR:root:eventHanlder.__CtrlPressed() missing 1 required positional argument: 'key'
Traceback (most recent call last):
  File "/home/samrbdev/Desktop/Projects/ClipBlend/classes/eventHandler.py", line 53, in on_press
    self.__CtrlPressed()
TypeError: eventHanlder.__CtrlPressed() missing 1 required positional argument: 'key'
03-11-2024 18:56:ERROR:root:eventHanlder.__CtrlPressed() missing 1 required positional argument: 'key'
Traceback (most recent call last):
  File "/home/samrbdev/Desktop/Projects/ClipBlend/classes/eventHandler.py", line 53, in on_press
    self.__CtrlPressed()
TypeError: eventHanlder.__CtrlPressed() missing 1 required positional argument: 'key'
03-11-2024 18:56:ERROR:root:eventHanlder.__CtrlPressed() missing 1 required positional argument: 'key'
Traceback (most recent call last):
  File "/home/samrbdev/Desktop/Projects/ClipBlend/classes/eventHandler.py", line 53, in on_press
    self.__CtrlPressed()
TypeError: eventHanlder.__CtrlPressed() missing 1 required positional argument: 'key'
03-11-2024 18:56:ERROR:root:eventHanlder.__CtrlPressed() missing 1 required positional argument: 'key'
Traceback (most recent call last):
  File "/home/samrbdev/Desktop/Projects/ClipBlend/classes/eventHandler.py", line 53, in on_press
    self.__CtrlPressed()
TypeError: eventHanlder.__CtrlPressed() missing 1 required positional argument: 'key'
03-11-2024 18:56:ERROR:root:eventHanlder.__CtrlPressed() missing 1 required positional argument: 'key'
Traceback (most recent call last):
  File "/home/samrbdev/Desktop/Projects/ClipBlend/classes/eventHandler.py", line 53, in on_press
    self.__CtrlPressed()
TypeError: eventHanlder.__CtrlPressed() missing 1 required positional argument: 'key'
03-11-2024 18:56:ERROR:root:eventHanlder.__CtrlPressed() missing 1 required positional argument: 'key'
Traceback (most recent call last):
  File "/home/samrbdev/Desktop/Projects/ClipBlend/classes/eventHandler.py", line 53, in on_press
    self.__CtrlPressed()
TypeError: eventHanlder.__CtrlPressed() missing 1 required positional argument: 'key'
03-11-2024 18:56:ERROR:root:eventHanlder.__CtrlPressed() missing 1 required positional argument: 'key'
Traceback (most recent call last):
  File "/home/samrbdev/Desktop/Projects/ClipBlend/classes/eventHandler.py", line 53, in on_press
    self.__CtrlPressed()
TypeError: eventHanlder.__CtrlPressed() missing 1 required positional argument: 'key'
03-11-2024 18:56:ERROR:root:eventHanlder.__CtrlPressed() missing 1 required positional argument: 'key'
Traceback (most recent call last):
  File "/home/samrbdev/Desktop/Projects/ClipBlend/classes/eventHandler.py", line 53, in on_press
    self.__CtrlPressed()
TypeError: eventHanlder.__CtrlPressed() missing 1 required positional argument: 'key'
03-11-2024 18:56:ERROR:root:eventHanlder.__CtrlPressed() missing 1 required positional argument: 'key'
Traceback (most recent call last):
  File "/home/samrbdev/Desktop/Projects/ClipBlend/classes/eventHandler.py", line 53, in on_press
    self.__CtrlPressed()
TypeError: eventHanlder.__CtrlPressed() missing 1 required positional argument: 'key'
03-11-2024 18:56:ERROR:root:eventHanlder.__CtrlPressed() missing 1 required positional argument: 'key'
Traceback (most recent call last):
  File "/home/samrbdev/Desktop/Projects/ClipBlend/classes/eventHandler.py", line 53, in on_press
    self.__CtrlPressed()
TypeError: eventHanlder.__CtrlPressed() missing 1 required positional argument: 'key'
03-11-2024 18:56:ERROR:root:eventHanlder.__CtrlPressed() missing 1 required positional argument: 'key'
Traceback (most recent call last):
  File "/home/samrbdev/Desktop/Projects/ClipBlend/classes/eventHandler.py", line 53, in on_press
    self.__CtrlPressed()
TypeError: eventHanlder.__CtrlPressed() missing 1 required positional argument: 'key'
03-11-2024 18:56:ERROR:root:eventHanlder.__CtrlPressed() missing 1 required positional argument: 'key'
Traceback (most recent call last):
  File "/home/samrbdev/Desktop/Projects/ClipBlend/classes/eventHandler.py", line 53, in on_press
    self.__CtrlPressed()
TypeError: eventHanlder.__CtrlPressed() missing 1 required positional argument: 'key'
03-11-2024 18:56:ERROR:root:eventHanlder.__CtrlPressed() missing 1 required positional argument: 'key'
Traceback (most recent call last):
  File "/home/samrbdev/Desktop/Projects/ClipBlend/classes/eventHandler.py", line 53, in on_press
    self.__CtrlPressed()
TypeError: eventHanlder.__CtrlPressed() missing 1 required positional argument: 'key'
03-11-2024 18:56:ERROR:root:eventHanlder.__CtrlPressed() missing 1 required positional argument: 'key'
Traceback (most recent call last):
  File "/home/samrbdev/Desktop/Projects/ClipBlend/classes/eventHandler.py", line 53, in on_press
    self.__CtrlPressed()
TypeError: eventHanlder.__CtrlPressed() missing 1 required positional argument: 'key'
03-11-2024 18:56:ERROR:root:eventHanlder.__CtrlPressed() missing 1 required positional argument: 'key'
Traceback (most recent call last):
  File "/home/samrbdev/Desktop/Projects/ClipBlend/classes/eventHandler.py", line 53, in on_press
    self.__CtrlPressed()
TypeError: eventHanlder.__CtrlPressed() missing 1 required positional argument: 'key'
03-11-2024 18:56:ERROR:root:eventHanlder.__CtrlPressed() missing 1 required positional argument: 'key'
Traceback (most recent call last):
  File "/home/samrbdev/Desktop/Projects/ClipBlend/classes/eventHandler.py", line 53, in on_press
    self.__CtrlPressed()
TypeError: eventHanlder.__CtrlPressed() missing 1 required positional argument: 'key'
03-11-2024 18:56:ERROR:root:eventHanlder.__CtrlPressed() missing 1 required positional argument: 'key'
Traceback (most recent call last):
  File "/home/samrbdev/Desktop/Projects/ClipBlend/classes/eventHandler.py", line 53, in on_press
    self.__CtrlPressed()
TypeError: eventHanlder.__CtrlPressed() missing 1 required positional argument: 'key'
03-11-2024 18:56:ERROR:root:eventHanlder.__CtrlPressed() missing 1 required positional argument: 'key'
Traceback (most recent call last):
  File "/home/samrbdev/Desktop/Projects/ClipBlend/classes/eventHandler.py", line 53, in on_press
    self.__CtrlPressed()
TypeError: eventHanlder.__CtrlPressed() missing 1 required positional argument: 'key'
03-11-2024 18:56:ERROR:root:eventHanlder.__CtrlPressed() missing 1 required positional argument: 'key'
Traceback (most recent call last):
  File "/home/samrbdev/Desktop/Projects/ClipBlend/classes/eventHandler.py", line 53, in on_press
    self.__CtrlPressed()
TypeError: eventHanlder.__CtrlPressed() missing 1 required positional argument: 'key'
03-11-2024 18:56:ERROR:root:eventHanlder.__CtrlPressed() missing 1 required positional argument: 'key'
Traceback (most recent call last):
  File "/home/samrbdev/Desktop/Projects/ClipBlend/classes/eventHandler.py", line 53, in on_press
    self.__CtrlPressed()
TypeError: eventHanlder.__CtrlPressed() missing 1 required positional argument: 'key'
03-11-2024 18:56:ERROR:root:eventHanlder.__CtrlPressed() missing 1 required positional argument: 'key'
Traceback (most recent call last):
  File "/home/samrbdev/Desktop/Projects/ClipBlend/classes/eventHandler.py", line 53, in on_press
    self.__CtrlPressed()
TypeError: eventHanlder.__CtrlPressed() missing 1 required positional argument: 'key'
03-11-2024 18:56:ERROR:root:eventHanlder.__CtrlPressed() missing 1 required positional argument: 'key'
Traceback (most recent call last):
  File "/home/samrbdev/Desktop/Projects/ClipBlend/classes/eventHandler.py", line 53, in on_press
    self.__CtrlPressed()
TypeError: eventHanlder.__CtrlPressed() missing 1 required positional argument: 'key'
03-11-2024 18:56:ERROR:root:eventHanlder.__CtrlPressed() missing 1 required positional argument: 'key'
Traceback (most recent call last):
  File "/home/samrbdev/Desktop/Projects/ClipBlend/classes/eventHandler.py", line 53, in on_press
    self.__CtrlPressed()
TypeError: eventHanlder.__CtrlPressed() missing 1 required positional argument: 'key'
03-11-2024 18:56:ERROR:root:eventHanlder.__CtrlPressed() missing 1 required positional argument: 'key'
Traceback (most recent call last):
  File "/home/samrbdev/Desktop/Projects/ClipBlend/classes/eventHandler.py", line 53, in on_press
    self.__CtrlPressed()
TypeError: eventHanlder.__CtrlPressed() missing 1 required positional argument: 'key'
03-11-2024 18:56:ERROR:root:eventHanlder.__CtrlPressed() missing 1 required positional argument: 'key'
Traceback (most recent call last):
  File "/home/samrbdev/Desktop/Projects/ClipBlend/classes/eventHandler.py", line 53, in on_press
    self.__CtrlPressed()
TypeError: eventHanlder.__CtrlPressed() missing 1 required positional argument: 'key'
03-11-2024 18:56:ERROR:root:eventHanlder.__CtrlPressed() missing 1 required positional argument: 'key'
Traceback (most recent call last):
  File "/home/samrbdev/Desktop/Projects/ClipBlend/classes/eventHandler.py", line 53, in on_press
    self.__CtrlPressed()
TypeError: eventHanlder.__CtrlPressed() missing 1 required positional argument: 'key'
03-11-2024 18:56:ERROR:root:eventHanlder.__CtrlPressed() missing 1 required positional argument: 'key'
Traceback (most recent call last):
  File "/home/samrbdev/Desktop/Projects/ClipBlend/classes/eventHandler.py", line 53, in on_press
    self.__CtrlPressed()
TypeError: eventHanlder.__CtrlPressed() missing 1 required positional argument: 'key'
03-11-2024 18:56:ERROR:root:eventHanlder.__CtrlPressed() missing 1 required positional argument: 'key'
Traceback (most recent call last):
  File "/home/samrbdev/Desktop/Projects/ClipBlend/classes/eventHandler.py", line 53, in on_press
    self.__CtrlPressed()
TypeError: eventHanlder.__CtrlPressed() missing 1 required positional argument: 'key'
03-11-2024 18:56:ERROR:root:eventHanlder.__CtrlPressed() missing 1 required positional argument: 'key'
Traceback (most recent call last):
  File "/home/samrbdev/Desktop/Projects/ClipBlend/classes/eventHandler.py", line 53, in on_press
    self.__CtrlPressed()
TypeError: eventHanlder.__CtrlPressed() missing 1 required positional argument: 'key'
03-11-2024 18:56:ERROR:root:eventHanlder.__CtrlPressed() missing 1 required positional argument: 'key'
Traceback (most recent call last):
  File "/home/samrbdev/Desktop/Projects/ClipBlend/classes/eventHandler.py", line 53, in on_press
    self.__CtrlPressed()
TypeError: eventHanlder.__CtrlPressed() missing 1 required positional argument: 'key'
03-11-2024 18:56:ERROR:root:eventHanlder.__CtrlPressed() missing 1 required positional argument: 'key'
Traceback (most recent call last):
  File "/home/samrbdev/Desktop/Projects/ClipBlend/classes/eventHandler.py", line 53, in on_press
    self.__CtrlPressed()
TypeError: eventHanlder.__CtrlPressed() missing 1 required positional argument: 'key'
03-11-2024 18:56:ERROR:root:eventHanlder.__CtrlPressed() missing 1 required positional argument: 'key'
Traceback (most recent call last):
  File "/home/samrbdev/Desktop/Projects/ClipBlend/classes/eventHandler.py", line 53, in on_press
    self.__CtrlPressed()
TypeError: eventHanlder.__CtrlPressed() missing 1 required positional argument: 'key'
03-11-2024 18:56:ERROR:root:eventHanlder.__CtrlPressed() missing 1 required positional argument: 'key'
Traceback (most recent call last):
  File "/home/samrbdev/Desktop/Projects/ClipBlend/classes/eventHandler.py", line 53, in on_press
    self.__CtrlPressed()
TypeError: eventHanlder.__CtrlPressed() missing 1 required positional argument: 'key'
03-11-2024 18:56:ERROR:root:eventHanlder.__CtrlPressed() missing 1 required positional argument: 'key'
Traceback (most recent call last):
  File "/home/samrbdev/Desktop/Projects/ClipBlend/classes/eventHandler.py", line 53, in on_press
    self.__CtrlPressed()
TypeError: eventHanlder.__CtrlPressed() missing 1 required positional argument: 'key'
03-11-2024 18:56:ERROR:root:eventHanlder.__CtrlPressed() missing 1 required positional argument: 'key'
Traceback (most recent call last):
  File "/home/samrbdev/Desktop/Projects/ClipBlend/classes/eventHandler.py", line 53, in on_press
    self.__CtrlPressed()
TypeError: eventHanlder.__CtrlPressed() missing 1 required positional argument: 'key'
03-11-2024 18:56:ERROR:root:eventHanlder.__CtrlPressed() missing 1 required positional argument: 'key'
Traceback (most recent call last):
  File "/home/samrbdev/Desktop/Projects/ClipBlend/classes/eventHandler.py", line 53, in on_press
    self.__CtrlPressed()
TypeError: eventHanlder.__CtrlPressed() missing 1 required positional argument: 'key'
03-11-2024 18:56:ERROR:root:eventHanlder.__CtrlPressed() missing 1 required positional argument: 'key'
Traceback (most recent call last):
  File "/home/samrbdev/Desktop/Projects/ClipBlend/classes/eventHandler.py", line 53, in on_press
    self.__CtrlPressed()
TypeError: eventHanlder.__CtrlPressed() missing 1 required positional argument: 'key'
03-11-2024 18:56:ERROR:root:eventHanlder.__CtrlPressed() missing 1 required positional argument: 'key'
Traceback (most recent call last):
  File "/home/samrbdev/Desktop/Projects/ClipBlend/classes/eventHandler.py", line 53, in on_press
    self.__CtrlPressed()
TypeError: eventHanlder.__CtrlPressed() missing 1 required positional argument: 'key'
03-11-2024 18:56:ERROR:root:eventHanlder.__CtrlPressed() missing 1 required positional argument: 'key'
Traceback (most recent call last):
  File "/home/samrbdev/Desktop/Projects/ClipBlend/classes/eventHandler.py", line 53, in on_press
    self.__CtrlPressed()
TypeError: eventHanlder.__CtrlPressed() missing 1 required positional argument: 'key'
03-11-2024 18:56:ERROR:root:eventHanlder.__CtrlPressed() missing 1 required positional argument: 'key'
Traceback (most recent call last):
  File "/home/samrbdev/Desktop/Projects/ClipBlend/classes/eventHandler.py", line 53, in on_press
    self.__CtrlPressed()
TypeError: eventHanlder.__CtrlPressed() missing 1 required positional argument: 'key'
03-11-2024 18:56:ERROR:root:eventHanlder.__CtrlPressed() missing 1 required positional argument: 'key'
Traceback (most recent call last):
  File "/home/samrbdev/Desktop/Projects/ClipBlend/classes/eventHandler.py", line 53, in on_press
    self.__CtrlPressed()
TypeError: eventHanlder.__CtrlPressed() missing 1 required positional argument: 'key'
03-11-2024 18:56:ERROR:root:eventHanlder.__CtrlPressed() missing 1 required positional argument: 'key'
Traceback (most recent call last):
  File "/home/samrbdev/Desktop/Projects/ClipBlend/classes/eventHandler.py", line 53, in on_press
    self.__CtrlPressed()
TypeError: eventHanlder.__CtrlPressed() missing 1 required positional argument: 'key'
03-11-2024 18:56:ERROR:root:eventHanlder.__CtrlPressed() missing 1 required positional argument: 'key'
Traceback (most recent call last):
  File "/home/samrbdev/Desktop/Projects/ClipBlend/classes/eventHandler.py", line 53, in on_press
    self.__CtrlPressed()
TypeError: eventHanlder.__CtrlPressed() missing 1 required positional argument: 'key'
03-11-2024 18:57:ERROR:root:eventHanlder.__CtrlPressed() missing 1 required positional argument: 'key'
Traceback (most recent call last):
  File "/home/samrbdev/Desktop/Projects/ClipBlend/classes/eventHandler.py", line 53, in on_press
    self.__CtrlPressed()
TypeError: eventHanlder.__CtrlPressed() missing 1 required positional argument: 'key'
03-11-2024 18:57:ERROR:root:eventHanlder.__CtrlPressed() missing 1 required positional argument: 'key'
Traceback (most recent call last):
  File "/home/samrbdev/Desktop/Projects/ClipBlend/classes/eventHandler.py", line 53, in on_press
    self.__CtrlPressed()
TypeError: eventHanlder.__CtrlPressed() missing 1 required positional argument: 'key'
03-11-2024 18:57:ERROR:root:eventHanlder.__CtrlPressed() missing 1 required positional argument: 'key'
Traceback (most recent call last):
  File "/home/samrbdev/Desktop/Projects/ClipBlend/classes/eventHandler.py", line 53, in on_press
    self.__CtrlPressed()
TypeError: eventHanlder.__CtrlPressed() missing 1 required positional argument: 'key'
03-11-2024 18:57:ERROR:root:eventHanlder.__CtrlPressed() missing 1 required positional argument: 'key'
Traceback (most recent call last):
  File "/home/samrbdev/Desktop/Projects/ClipBlend/classes/eventHandler.py", line 53, in on_press
    self.__CtrlPressed()
TypeError: eventHanlder.__CtrlPressed() missing 1 required positional argument: 'key'
03-11-2024 18:58:ERROR:root:eventHanlder.__CtrlPressed() missing 1 required positional argument: 'key'
Traceback (most recent call last):
  File "/home/samrbdev/Desktop/Projects/ClipBlend/classes/eventHandler.py", line 53, in on_press
    self.__CtrlPressed()
TypeError: eventHanlder.__CtrlPressed() missing 1 required positional argument: 'key'
03-11-2024 18:58:ERROR:root:eventHanlder.__CtrlPressed() missing 1 required positional argument: 'key'
Traceback (most recent call last):
  File "/home/samrbdev/Desktop/Projects/ClipBlend/classes/eventHandler.py", line 53, in on_press
    self.__CtrlPressed()
TypeError: eventHanlder.__CtrlPressed() missing 1 required positional argument: 'key'
03-11-2024 18:58:ERROR:root:eventHanlder.__CtrlPressed() missing 1 required positional argument: 'key'
Traceback (most recent call last):
  File "/home/samrbdev/Desktop/Projects/ClipBlend/classes/eventHandler.py", line 53, in on_press
    self.__CtrlPressed()
TypeError: eventHanlder.__CtrlPressed() missing 1 required positional argument: 'key'
03-11-2024 18:58:ERROR:root:eventHanlder.__CtrlPressed() missing 1 required positional argument: 'key'
Traceback (most recent call last):
  File "/home/samrbdev/Desktop/Projects/ClipBlend/classes/eventHandler.py", line 53, in on_press
    self.__CtrlPressed()
TypeError: eventHanlder.__CtrlPressed() missing 1 required positional argument: 'key'
03-11-2024 18:58:ERROR:root:eventHanlder.__CtrlPressed() missing 1 required positional argument: 'key'
Traceback (most recent call last):
  File "/home/samrbdev/Desktop/Projects/ClipBlend/classes/eventHandler.py", line 53, in on_press
    self.__CtrlPressed()
TypeError: eventHanlder.__CtrlPressed() missing 1 required positional argument: 'key'
03-11-2024 18:58:ERROR:root:eventHanlder.__CtrlPressed() missing 1 required positional argument: 'key'
Traceback (most recent call last):
  File "/home/samrbdev/Desktop/Projects/ClipBlend/classes/eventHandler.py", line 53, in on_press
    self.__CtrlPressed()
TypeError: eventHanlder.__CtrlPressed() missing 1 required positional argument: 'key'
03-11-2024 18:58:ERROR:root:eventHanlder.__CtrlPressed() missing 1 required positional argument: 'key'
Traceback (most recent call last):
  File "/home/samrbdev/Desktop/Projects/ClipBlend/classes/eventHandler.py", line 53, in on_press
    self.__CtrlPressed()
TypeError: eventHanlder.__CtrlPressed() missing 1 required positional argument: 'key'
03-11-2024 18:58:ERROR:root:eventHanlder.__CtrlPressed() missing 1 required positional argument: 'key'
Traceback (most recent call last):
  File "/home/samrbdev/Desktop/Projects/ClipBlend/classes/eventHandler.py", line 53, in on_press
    self.__CtrlPressed()
TypeError: eventHanlder.__CtrlPressed() missing 1 required positional argument: 'key'
03-11-2024 18:58:ERROR:root:eventHanlder.__CtrlPressed() missing 1 required positional argument: 'key'
Traceback (most recent call last):
  File "/home/samrbdev/Desktop/Projects/ClipBlend/classes/eventHandler.py", line 53, in on_press
    self.__CtrlPressed()
TypeError: eventHanlder.__CtrlPressed() missing 1 required positional argument: 'key'
03-11-2024 18:58:ERROR:root:eventHanlder.__CtrlPressed() missing 1 required positional argument: 'key'
Traceback (most recent call last):
  File "/home/samrbdev/Desktop/Projects/ClipBlend/classes/eventHandler.py", line 53, in on_press
    self.__CtrlPressed()
TypeError: eventHanlder.__CtrlPressed() missing 1 required positional argument: 'key'
03-11-2024 18:58:ERROR:root:eventHanlder.__CtrlPressed() missing 1 required positional argument: 'key'
Traceback (most recent call last):
  File "/home/samrbdev/Desktop/Projects/ClipBlend/classes/eventHandler.py", line 53, in on_press
    self.__CtrlPressed()
TypeError: eventHanlder.__CtrlPressed() missing 1 required positional argument: 'key'
03-11-2024 18:58:ERROR:root:eventHanlder.__CtrlPressed() missing 1 required positional argument: 'key'
Traceback (most recent call last):
  File "/home/samrbdev/Desktop/Projects/ClipBlend/classes/eventHandler.py", line 53, in on_press
    self.__CtrlPressed()
TypeError: eventHanlder.__CtrlPressed() missing 1 required positional argument: 'key'
03-11-2024 18:58:ERROR:root:eventHanlder.__CtrlPressed() missing 1 required positional argument: 'key'
Traceback (most recent call last):
  File "/home/samrbdev/Desktop/Projects/ClipBlend/classes/eventHandler.py", line 53, in on_press
    self.__CtrlPressed()
TypeError: eventHanlder.__CtrlPressed() missing 1 required positional argument: 'key'
03-11-2024 18:58:ERROR:root:eventHanlder.__CtrlPressed() missing 1 required positional argument: 'key'
Traceback (most recent call last):
  File "/home/samrbdev/Desktop/Projects/ClipBlend/classes/eventHandler.py", line 53, in on_press
    self.__CtrlPressed()
TypeError: eventHanlder.__CtrlPressed() missing 1 required positional argument: 'key'
03-11-2024 18:58:ERROR:root:eventHanlder.__CtrlPressed() missing 1 required positional argument: 'key'
Traceback (most recent call last):
  File "/home/samrbdev/Desktop/Projects/ClipBlend/classes/eventHandler.py", line 53, in on_press
    self.__CtrlPressed()
TypeError: eventHanlder.__CtrlPressed() missing 1 required positional argument: 'key'
03-11-2024 18:58:ERROR:root:eventHanlder.__CtrlPressed() missing 1 required positional argument: 'key'
Traceback (most recent call last):
  File "/home/samrbdev/Desktop/Projects/ClipBlend/classes/eventHandler.py", line 53, in on_press
    self.__CtrlPressed()
TypeError: eventHanlder.__CtrlPressed() missing 1 required positional argument: 'key'
03-11-2024 18:58:ERROR:root:eventHanlder.__CtrlPressed() missing 1 required positional argument: 'key'
Traceback (most recent call last):
  File "/home/samrbdev/Desktop/Projects/ClipBlend/classes/eventHandler.py", line 53, in on_press
    self.__CtrlPressed()
TypeError: eventHanlder.__CtrlPressed() missing 1 required positional argument: 'key'
03-11-2024 18:58:ERROR:root:eventHanlder.__CtrlPressed() missing 1 required positional argument: 'key'
Traceback (most recent call last):
  File "/home/samrbdev/Desktop/Projects/ClipBlend/classes/eventHandler.py", line 53, in on_press
    self.__CtrlPressed()
TypeError: eventHanlder.__CtrlPressed() missing 1 required positional argument: 'key'
03-11-2024 18:58:ERROR:root:eventHanlder.__CtrlPressed() missing 1 required positional argument: 'key'
Traceback (most recent call last):
  File "/home/samrbdev/Desktop/Projects/ClipBlend/classes/eventHandler.py", line 53, in on_press
    self.__CtrlPressed()
TypeError: eventHanlder.__CtrlPressed() missing 1 required positional argument: 'key'
03-11-2024 18:58:ERROR:root:eventHanlder.__CtrlPressed() missing 1 required positional argument: 'key'
Traceback (most recent call last):
  File "/home/samrbdev/Desktop/Projects/ClipBlend/classes/eventHandler.py", line 53, in on_press
    self.__CtrlPressed()
TypeError: eventHanlder.__CtrlPressed() missing 1 required positional argument: 'key'
03-11-2024 18:58:ERROR:root:eventHanlder.__CtrlPressed() missing 1 required positional argument: 'key'
Traceback (most recent call last):
  File "/home/samrbdev/Desktop/Projects/ClipBlend/classes/eventHandler.py", line 53, in on_press
    self.__CtrlPressed()
TypeError: eventHanlder.__CtrlPressed() missing 1 required positional argument: 'key'
03-11-2024 18:58:ERROR:root:eventHanlder.__CtrlPressed() missing 1 required positional argument: 'key'
Traceback (most recent call last):
  File "/home/samrbdev/Desktop/Projects/ClipBlend/classes/eventHandler.py", line 53, in on_press
    self.__CtrlPressed()
TypeError: eventHanlder.__CtrlPressed() missing 1 required positional argument: 'key'
03-11-2024 18:58:ERROR:root:eventHanlder.__CtrlPressed() missing 1 required positional argument: 'key'
Traceback (most recent call last):
  File "/home/samrbdev/Desktop/Projects/ClipBlend/classes/eventHandler.py", line 53, in on_press
    self.__CtrlPressed()
TypeError: eventHanlder.__CtrlPressed() missing 1 required positional argument: 'key'
03-11-2024 18:58:ERROR:root:eventHanlder.__CtrlPressed() missing 1 required positional argument: 'key'
Traceback (most recent call last):
  File "/home/samrbdev/Desktop/Projects/ClipBlend/classes/eventHandler.py", line 53, in on_press
    self.__CtrlPressed()
TypeError: eventHanlder.__CtrlPressed() missing 1 required positional argument: 'key'
03-11-2024 18:58:ERROR:root:eventHanlder.__CtrlPressed() missing 1 required positional argument: 'key'
Traceback (most recent call last):
  File "/home/samrbdev/Desktop/Projects/ClipBlend/classes/eventHandler.py", line 53, in on_press
    self.__CtrlPressed()
TypeError: eventHanlder.__CtrlPressed() missing 1 required positional argument: 'key'
03-11-2024 18:58:ERROR:root:eventHanlder.__CtrlPressed() missing 1 required positional argument: 'key'
Traceback (most recent call last):
  File "/home/samrbdev/Desktop/Projects/ClipBlend/classes/eventHandler.py", line 53, in on_press
    self.__CtrlPressed()
TypeError: eventHanlder.__CtrlPressed() missing 1 required positional argument: 'key'
03-11-2024 18:58:ERROR:root:eventHanlder.__CtrlPressed() missing 1 required positional argument: 'key'
Traceback (most recent call last):
  File "/home/samrbdev/Desktop/Projects/ClipBlend/classes/eventHandler.py", line 53, in on_press
    self.__CtrlPressed()
TypeError: eventHanlder.__CtrlPressed() missing 1 required positional argument: 'key'
03-11-2024 18:58:ERROR:root:eventHanlder.__CtrlPressed() missing 1 required positional argument: 'key'
Traceback (most recent call last):
  File "/home/samrbdev/Desktop/Projects/ClipBlend/classes/eventHandler.py", line 53, in on_press
    self.__CtrlPressed()
TypeError: eventHanlder.__CtrlPressed() missing 1 required positional argument: 'key'
03-11-2024 18:58:ERROR:root:eventHanlder.__CtrlPressed() missing 1 required positional argument: 'key'
Traceback (most recent call last):
  File "/home/samrbdev/Desktop/Projects/ClipBlend/classes/eventHandler.py", line 53, in on_press
    self.__CtrlPressed()
TypeError: eventHanlder.__CtrlPressed() missing 1 required positional argument: 'key'
03-11-2024 18:58:ERROR:root:eventHanlder.__CtrlPressed() missing 1 required positional argument: 'key'
Traceback (most recent call last):
  File "/home/samrbdev/Desktop/Projects/ClipBlend/classes/eventHandler.py", line 53, in on_press
    self.__CtrlPressed()
TypeError: eventHanlder.__CtrlPressed() missing 1 required positional argument: 'key'
03-11-2024 18:58:ERROR:root:eventHanlder.__CtrlPressed() missing 1 required positional argument: 'key'
Traceback (most recent call last):
  File "/home/samrbdev/Desktop/Projects/ClipBlend/classes/eventHandler.py", line 53, in on_press
    self.__CtrlPressed()
TypeError: eventHanlder.__CtrlPressed() missing 1 required positional argument: 'key'
03-11-2024 18:58:ERROR:root:eventHanlder.__CtrlPressed() missing 1 required positional argument: 'key'
Traceback (most recent call last):
  File "/home/samrbdev/Desktop/Projects/ClipBlend/classes/eventHandler.py", line 53, in on_press
    self.__CtrlPressed()
TypeError: eventHanlder.__CtrlPressed() missing 1 required positional argument: 'key'
03-11-2024 18:58:ERROR:root:eventHanlder.__CtrlPressed() missing 1 required positional argument: 'key'
Traceback (most recent call last):
  File "/home/samrbdev/Desktop/Projects/ClipBlend/classes/eventHandler.py", line 53, in on_press
    self.__CtrlPressed()
TypeError: eventHanlder.__CtrlPressed() missing 1 required positional argument: 'key'
03-11-2024 19:00:ERROR:root:eventHanlder.__CtrlPressed() missing 1 required positional argument: 'key'
Traceback (most recent call last):
  File "/home/samrbdev/Desktop/Projects/ClipBlend/classes/eventHandler.py", line 53, in on_press
    self.__CtrlPressed()
TypeError: eventHanlder.__CtrlPressed() missing 1 required positional argument: 'key'
03-11-2024 19:00:ERROR:root:eventHanlder.__CtrlPressed() missing 1 required positional argument: 'key'
Traceback (most recent call last):
  File "/home/samrbdev/Desktop/Projects/ClipBlend/classes/eventHandler.py", line 53, in on_press
    self.__CtrlPressed()
TypeError: eventHanlder.__CtrlPressed() missing 1 required positional argument: 'key'
03-11-2024 19:00:ERROR:root:eventHanlder.__CtrlPressed() missing 1 required positional argument: 'key'
Traceback (most recent call last):
  File "/home/samrbdev/Desktop/Projects/ClipBlend/classes/eventHandler.py", line 53, in on_press
    self.__CtrlPressed()
TypeError: eventHanlder.__CtrlPressed() missing 1 required positional argument: 'key'
03-11-2024 19:00:ERROR:root:eventHanlder.__CtrlPressed() missing 1 required positional argument: 'key'
Traceback (most recent call last):
  File "/home/samrbdev/Desktop/Projects/ClipBlend/classes/eventHandler.py", line 53, in on_press
    self.__CtrlPressed()
TypeError: eventHanlder.__CtrlPressed() missing 1 required positional argument: 'key'
03-11-2024 19:00:ERROR:root:eventHanlder.__CtrlPressed() missing 1 required positional argument: 'key'
Traceback (most recent call last):
  File "/home/samrbdev/Desktop/Projects/ClipBlend/classes/eventHandler.py", line 53, in on_press
    self.__CtrlPressed()
TypeError: eventHanlder.__CtrlPressed() missing 1 required positional argument: 'key'
03-11-2024 19:00:ERROR:root:eventHanlder.__CtrlPressed() missing 1 required positional argument: 'key'
Traceback (most recent call last):
  File "/home/samrbdev/Desktop/Projects/ClipBlend/classes/eventHandler.py", line 53, in on_press
    self.__CtrlPressed()
TypeError: eventHanlder.__CtrlPressed() missing 1 required positional argument: 'key'
03-11-2024 19:00:ERROR:root:eventHanlder.__CtrlPressed() missing 1 required positional argument: 'key'
Traceback (most recent call last):
  File "/home/samrbdev/Desktop/Projects/ClipBlend/classes/eventHandler.py", line 53, in on_press
    self.__CtrlPressed()
TypeError: eventHanlder.__CtrlPressed() missing 1 required positional argument: 'key'
03-11-2024 19:00:ERROR:root:eventHanlder.__CtrlPressed() missing 1 required positional argument: 'key'
Traceback (most recent call last):
  File "/home/samrbdev/Desktop/Projects/ClipBlend/classes/eventHandler.py", line 53, in on_press
    self.__CtrlPressed()
TypeError: eventHanlder.__CtrlPressed() missing 1 required positional argument: 'key'
03-11-2024 19:02:ERROR:root:eventHanlder.__CtrlPressed() missing 1 required positional argument: 'key'
Traceback (most recent call last):
  File "/home/samrbdev/Desktop/Projects/ClipBlend/classes/eventHandler.py", line 53, in on_press
    self.__CtrlPressed()
TypeError: eventHanlder.__CtrlPressed() missing 1 required positional argument: 'key'
03-11-2024 19:02:ERROR:root:eventHanlder.__CtrlPressed() missing 1 required positional argument: 'key'
Traceback (most recent call last):
  File "/home/samrbdev/Desktop/Projects/ClipBlend/classes/eventHandler.py", line 53, in on_press
    self.__CtrlPressed()
TypeError: eventHanlder.__CtrlPressed() missing 1 required positional argument: 'key'
03-11-2024 19:02:ERROR:root:eventHanlder.__CtrlPressed() missing 1 required positional argument: 'key'
Traceback (most recent call last):
  File "/home/samrbdev/Desktop/Projects/ClipBlend/classes/eventHandler.py", line 53, in on_press
    self.__CtrlPressed()
TypeError: eventHanlder.__CtrlPressed() missing 1 required positional argument: 'key'
03-11-2024 19:03:ERROR:root:eventHanlder.__CtrlPressed() missing 1 required positional argument: 'key'
Traceback (most recent call last):
  File "/home/samrbdev/Desktop/Projects/ClipBlend/classes/eventHandler.py", line 53, in on_press
    self.__CtrlPressed()
TypeError: eventHanlder.__CtrlPressed() missing 1 required positional argument: 'key'
03-11-2024 19:03:ERROR:root:eventHanlder.__CtrlPressed() missing 1 required positional argument: 'key'
Traceback (most recent call last):
  File "/home/samrbdev/Desktop/Projects/ClipBlend/classes/eventHandler.py", line 53, in on_press
    self.__CtrlPressed()
TypeError: eventHanlder.__CtrlPressed() missing 1 required positional argument: 'key'
03-11-2024 19:03:ERROR:root:eventHanlder.__CtrlPressed() missing 1 required positional argument: 'key'
Traceback (most recent call last):
  File "/home/samrbdev/Desktop/Projects/ClipBlend/classes/eventHandler.py", line 53, in on_press
    self.__CtrlPressed()
TypeError: eventHanlder.__CtrlPressed() missing 1 required positional argument: 'key'
03-11-2024 19:03:ERROR:root:eventHanlder.__CtrlPressed() missing 1 required positional argument: 'key'
Traceback (most recent call last):
  File "/home/samrbdev/Desktop/Projects/ClipBlend/classes/eventHandler.py", line 53, in on_press
    self.__CtrlPressed()
TypeError: eventHanlder.__CtrlPressed() missing 1 required positional argument: 'key'
03-11-2024 19:03:ERROR:root:eventHanlder.__CtrlPressed() missing 1 required positional argument: 'key'
Traceback (most recent call last):
  File "/home/samrbdev/Desktop/Projects/ClipBlend/classes/eventHandler.py", line 53, in on_press
    self.__CtrlPressed()
TypeError: eventHanlder.__CtrlPressed() missing 1 required positional argument: 'key'
03-11-2024 19:03:ERROR:root:eventHanlder.__CtrlPressed() missing 1 required positional argument: 'key'
Traceback (most recent call last):
  File "/home/samrbdev/Desktop/Projects/ClipBlend/classes/eventHandler.py", line 53, in on_press
    self.__CtrlPressed()
TypeError: eventHanlder.__CtrlPressed() missing 1 required positional argument: 'key'
03-11-2024 19:03:ERROR:root:eventHanlder.__CtrlPressed() missing 1 required positional argument: 'key'
Traceback (most recent call last):
  File "/home/samrbdev/Desktop/Projects/ClipBlend/classes/eventHandler.py", line 53, in on_press
    self.__CtrlPressed()
TypeError: eventHanlder.__CtrlPressed() missing 1 required positional argument: 'key'
03-11-2024 19:03:ERROR:root:eventHanlder.__CtrlPressed() missing 1 required positional argument: 'key'
Traceback (most recent call last):
  File "/home/samrbdev/Desktop/Projects/ClipBlend/classes/eventHandler.py", line 53, in on_press
    self.__CtrlPressed()
TypeError: eventHanlder.__CtrlPressed() missing 1 required positional argument: 'key'
03-11-2024 19:03:ERROR:root:eventHanlder.__CtrlPressed() missing 1 required positional argument: 'key'
Traceback (most recent call last):
  File "/home/samrbdev/Desktop/Projects/ClipBlend/classes/eventHandler.py", line 53, in on_press
    self.__CtrlPressed()
TypeError: eventHanlder.__CtrlPressed() missing 1 required positional argument: 'key'
03-11-2024 19:03:ERROR:root:eventHanlder.__CtrlPressed() missing 1 required positional argument: 'key'
Traceback (most recent call last):
  File "/home/samrbdev/Desktop/Projects/ClipBlend/classes/eventHandler.py", line 53, in on_press
    self.__CtrlPressed()
TypeError: eventHanlder.__CtrlPressed() missing 1 required positional argument: 'key'
03-11-2024 19:03:ERROR:root:eventHanlder.__CtrlPressed() missing 1 required positional argument: 'key'
Traceback (most recent call last):
  File "/home/samrbdev/Desktop/Projects/ClipBlend/classes/eventHandler.py", line 53, in on_press
    self.__CtrlPressed()
TypeError: eventHanlder.__CtrlPressed() missing 1 required positional argument: 'key'
03-11-2024 19:03:ERROR:root:eventHanlder.__CtrlPressed() missing 1 required positional argument: 'key'
Traceback (most recent call last):
  File "/home/samrbdev/Desktop/Projects/ClipBlend/classes/eventHandler.py", line 53, in on_press
    self.__CtrlPressed()
TypeError: eventHanlder.__CtrlPressed() missing 1 required positional argument: 'key'
03-11-2024 19:03:ERROR:root:eventHanlder.__CtrlPressed() missing 1 required positional argument: 'key'
Traceback (most recent call last):
  File "/home/samrbdev/Desktop/Projects/ClipBlend/classes/eventHandler.py", line 53, in on_press
    self.__CtrlPressed()
TypeError: eventHanlder.__CtrlPressed() missing 1 required positional argument: 'key'
03-11-2024 19:03:ERROR:root:eventHanlder.__CtrlPressed() missing 1 required positional argument: 'key'
Traceback (most recent call last):
  File "/home/samrbdev/Desktop/Projects/ClipBlend/classes/eventHandler.py", line 53, in on_press
    self.__CtrlPressed()
TypeError: eventHanlder.__CtrlPressed() missing 1 required positional argument: 'key'
03-11-2024 19:03:ERROR:root:eventHanlder.__CtrlPressed() missing 1 required positional argument: 'key'
Traceback (most recent call last):
  File "/home/samrbdev/Desktop/Projects/ClipBlend/classes/eventHandler.py", line 53, in on_press
    self.__CtrlPressed()
TypeError: eventHanlder.__CtrlPressed() missing 1 required positional argument: 'key'
03-11-2024 19:03:ERROR:root:eventHanlder.__CtrlPressed() missing 1 required positional argument: 'key'
Traceback (most recent call last):
  File "/home/samrbdev/Desktop/Projects/ClipBlend/classes/eventHandler.py", line 53, in on_press
    self.__CtrlPressed()
TypeError: eventHanlder.__CtrlPressed() missing 1 required positional argument: 'key'
03-11-2024 19:03:ERROR:root:eventHanlder.__CtrlPressed() missing 1 required positional argument: 'key'
Traceback (most recent call last):
  File "/home/samrbdev/Desktop/Projects/ClipBlend/classes/eventHandler.py", line 53, in on_press
    self.__CtrlPressed()
TypeError: eventHanlder.__CtrlPressed() missing 1 required positional argument: 'key'
03-11-2024 19:03:ERROR:root:eventHanlder.__CtrlPressed() missing 1 required positional argument: 'key'
Traceback (most recent call last):
  File "/home/samrbdev/Desktop/Projects/ClipBlend/classes/eventHandler.py", line 53, in on_press
    self.__CtrlPressed()
TypeError: eventHanlder.__CtrlPressed() missing 1 required positional argument: 'key'
03-11-2024 19:03:ERROR:root:eventHanlder.__CtrlPressed() missing 1 required positional argument: 'key'
Traceback (most recent call last):
  File "/home/samrbdev/Desktop/Projects/ClipBlend/classes/eventHandler.py", line 53, in on_press
    self.__CtrlPressed()
TypeError: eventHanlder.__CtrlPressed() missing 1 required positional argument: 'key'
03-11-2024 19:03:ERROR:root:eventHanlder.__CtrlPressed() missing 1 required positional argument: 'key'
Traceback (most recent call last):
  File "/home/samrbdev/Desktop/Projects/ClipBlend/classes/eventHandler.py", line 53, in on_press
    self.__CtrlPressed()
TypeError: eventHanlder.__CtrlPressed() missing 1 required positional argument: 'key'
03-11-2024 19:03:ERROR:root:eventHanlder.__CtrlPressed() missing 1 required positional argument: 'key'
Traceback (most recent call last):
  File "/home/samrbdev/Desktop/Projects/ClipBlend/classes/eventHandler.py", line 53, in on_press
    self.__CtrlPressed()
TypeError: eventHanlder.__CtrlPressed() missing 1 required positional argument: 'key'
03-11-2024 19:03:ERROR:root:eventHanlder.__CtrlPressed() missing 1 required positional argument: 'key'
Traceback (most recent call last):
  File "/home/samrbdev/Desktop/Projects/ClipBlend/classes/eventHandler.py", line 53, in on_press
    self.__CtrlPressed()
TypeError: eventHanlder.__CtrlPressed() missing 1 required positional argument: 'key'
03-11-2024 19:03:ERROR:root:eventHanlder.__CtrlPressed() missing 1 required positional argument: 'key'
Traceback (most recent call last):
  File "/home/samrbdev/Desktop/Projects/ClipBlend/classes/eventHandler.py", line 53, in on_press
    self.__CtrlPressed()
TypeError: eventHanlder.__CtrlPressed() missing 1 required positional argument: 'key'
03-11-2024 19:03:ERROR:root:eventHanlder.__CtrlPressed() missing 1 required positional argument: 'key'
Traceback (most recent call last):
  File "/home/samrbdev/Desktop/Projects/ClipBlend/classes/eventHandler.py", line 53, in on_press
    self.__CtrlPressed()
TypeError: eventHanlder.__CtrlPressed() missing 1 required positional argument: 'key'
03-11-2024 19:03:ERROR:root:eventHanlder.__CtrlPressed() missing 1 required positional argument: 'key'
Traceback (most recent call last):
  File "/home/samrbdev/Desktop/Projects/ClipBlend/classes/eventHandler.py", line 53, in on_press
    self.__CtrlPressed()
TypeError: eventHanlder.__CtrlPressed() missing 1 required positional argument: 'key'
03-11-2024 19:03:ERROR:root:eventHanlder.__CtrlPressed() missing 1 required positional argument: 'key'
Traceback (most recent call last):
  File "/home/samrbdev/Desktop/Projects/ClipBlend/classes/eventHandler.py", line 53, in on_press
    self.__CtrlPressed()
TypeError: eventHanlder.__CtrlPressed() missing 1 required positional argument: 'key'
03-11-2024 19:03:ERROR:root:eventHanlder.__CtrlPressed() missing 1 required positional argument: 'key'
Traceback (most recent call last):
  File "/home/samrbdev/Desktop/Projects/ClipBlend/classes/eventHandler.py", line 53, in on_press
    self.__CtrlPressed()
TypeError: eventHanlder.__CtrlPressed() missing 1 required positional argument: 'key'
03-11-2024 19:03:ERROR:root:eventHanlder.__CtrlPressed() missing 1 required positional argument: 'key'
Traceback (most recent call last):
  File "/home/samrbdev/Desktop/Projects/ClipBlend/classes/eventHandler.py", line 53, in on_press
    self.__CtrlPressed()
TypeError: eventHanlder.__CtrlPressed() missing 1 required positional argument: 'key'
03-11-2024 19:03:ERROR:root:eventHanlder.__CtrlPressed() missing 1 required positional argument: 'key'
Traceback (most recent call last):
  File "/home/samrbdev/Desktop/Projects/ClipBlend/classes/eventHandler.py", line 53, in on_press
    self.__CtrlPressed()
TypeError: eventHanlder.__CtrlPressed() missing 1 required positional argument: 'key'
03-11-2024 19:03:ERROR:root:eventHanlder.__CtrlPressed() missing 1 required positional argument: 'key'
Traceback (most recent call last):
  File "/home/samrbdev/Desktop/Projects/ClipBlend/classes/eventHandler.py", line 53, in on_press
    self.__CtrlPressed()
TypeError: eventHanlder.__CtrlPressed() missing 1 required positional argument: 'key'
03-11-2024 19:03:ERROR:root:eventHanlder.__CtrlPressed() missing 1 required positional argument: 'key'
Traceback (most recent call last):
  File "/home/samrbdev/Desktop/Projects/ClipBlend/classes/eventHandler.py", line 53, in on_press
    self.__CtrlPressed()
TypeError: eventHanlder.__CtrlPressed() missing 1 required positional argument: 'key'
03-11-2024 19:03:ERROR:root:eventHanlder.__CtrlPressed() missing 1 required positional argument: 'key'
Traceback (most recent call last):
  File "/home/samrbdev/Desktop/Projects/ClipBlend/classes/eventHandler.py", line 53, in on_press
    self.__CtrlPressed()
TypeError: eventHanlder.__CtrlPressed() missing 1 required positional argument: 'key'
03-11-2024 19:03:ERROR:root:eventHanlder.__CtrlPressed() missing 1 required positional argument: 'key'
Traceback (most recent call last):
  File "/home/samrbdev/Desktop/Projects/ClipBlend/classes/eventHandler.py", line 53, in on_press
    self.__CtrlPressed()
TypeError: eventHanlder.__CtrlPressed() missing 1 required positional argument: 'key'
03-11-2024 19:03:ERROR:root:eventHanlder.__CtrlPressed() missing 1 required positional argument: 'key'
Traceback (most recent call last):
  File "/home/samrbdev/Desktop/Projects/ClipBlend/classes/eventHandler.py", line 53, in on_press
    self.__CtrlPressed()
TypeError: eventHanlder.__CtrlPressed() missing 1 required positional argument: 'key'
03-11-2024 19:03:ERROR:root:eventHanlder.__CtrlPressed() missing 1 required positional argument: 'key'
Traceback (most recent call last):
  File "/home/samrbdev/Desktop/Projects/ClipBlend/classes/eventHandler.py", line 53, in on_press
    self.__CtrlPressed()
TypeError: eventHanlder.__CtrlPressed() missing 1 required positional argument: 'key'
03-11-2024 19:03:ERROR:root:eventHanlder.__CtrlPressed() missing 1 required positional argument: 'key'
Traceback (most recent call last):
  File "/home/samrbdev/Desktop/Projects/ClipBlend/classes/eventHandler.py", line 53, in on_press
    self.__CtrlPressed()
TypeError: eventHanlder.__CtrlPressed() missing 1 required positional argument: 'key'
03-11-2024 19:03:ERROR:root:eventHanlder.__CtrlPressed() missing 1 required positional argument: 'key'
Traceback (most recent call last):
  File "/home/samrbdev/Desktop/Projects/ClipBlend/classes/eventHandler.py", line 53, in on_press
    self.__CtrlPressed()
TypeError: eventHanlder.__CtrlPressed() missing 1 required positional argument: 'key'
03-11-2024 19:03:ERROR:root:eventHanlder.__CtrlPressed() missing 1 required positional argument: 'key'
Traceback (most recent call last):
  File "/home/samrbdev/Desktop/Projects/ClipBlend/classes/eventHandler.py", line 53, in on_press
    self.__CtrlPressed()
TypeError: eventHanlder.__CtrlPressed() missing 1 required positional argument: 'key'
03-11-2024 19:03:ERROR:root:eventHanlder.__CtrlPressed() missing 1 required positional argument: 'key'
Traceback (most recent call last):
  File "/home/samrbdev/Desktop/Projects/ClipBlend/classes/eventHandler.py", line 53, in on_press
    self.__CtrlPressed()
TypeError: eventHanlder.__CtrlPressed() missing 1 required positional argument: 'key'
03-11-2024 19:03:ERROR:root:eventHanlder.__CtrlPressed() missing 1 required positional argument: 'key'
Traceback (most recent call last):
  File "/home/samrbdev/Desktop/Projects/ClipBlend/classes/eventHandler.py", line 53, in on_press
    self.__CtrlPressed()
TypeError: eventHanlder.__CtrlPressed() missing 1 required positional argument: 'key'
03-11-2024 19:03:ERROR:root:eventHanlder.__CtrlPressed() missing 1 required positional argument: 'key'
Traceback (most recent call last):
  File "/home/samrbdev/Desktop/Projects/ClipBlend/classes/eventHandler.py", line 53, in on_press
    self.__CtrlPressed()
TypeError: eventHanlder.__CtrlPressed() missing 1 required positional argument: 'key'
03-11-2024 19:04:ERROR:root:eventHanlder.__CtrlPressed() missing 1 required positional argument: 'key'
Traceback (most recent call last):
  File "/home/samrbdev/Desktop/Projects/ClipBlend/classes/eventHandler.py", line 53, in on_press
    self.__CtrlPressed()
TypeError: eventHanlder.__CtrlPressed() missing 1 required positional argument: 'key'
03-11-2024 19:04:ERROR:root:eventHanlder.__CtrlPressed() missing 1 required positional argument: 'key'
Traceback (most recent call last):
  File "/home/samrbdev/Desktop/Projects/ClipBlend/classes/eventHandler.py", line 53, in on_press
    self.__CtrlPressed()
TypeError: eventHanlder.__CtrlPressed() missing 1 required positional argument: 'key'
03-11-2024 19:04:ERROR:root:eventHanlder.__CtrlPressed() missing 1 required positional argument: 'key'
Traceback (most recent call last):
  File "/home/samrbdev/Desktop/Projects/ClipBlend/classes/eventHandler.py", line 53, in on_press
    self.__CtrlPressed()
TypeError: eventHanlder.__CtrlPressed() missing 1 required positional argument: 'key'
03-11-2024 19:04:ERROR:root:eventHanlder.__CtrlPressed() missing 1 required positional argument: 'key'
Traceback (most recent call last):
  File "/home/samrbdev/Desktop/Projects/ClipBlend/classes/eventHandler.py", line 53, in on_press
    self.__CtrlPressed()
TypeError: eventHanlder.__CtrlPressed() missing 1 required positional argument: 'key'
03-11-2024 19:04:ERROR:root:eventHanlder.__CtrlPressed() missing 1 required positional argument: 'key'
Traceback (most recent call last):
  File "/home/samrbdev/Desktop/Projects/ClipBlend/classes/eventHandler.py", line 53, in on_press
    self.__CtrlPressed()
TypeError: eventHanlder.__CtrlPressed() missing 1 required positional argument: 'key'
03-11-2024 19:04:ERROR:root:eventHanlder.__CtrlPressed() missing 1 required positional argument: 'key'
Traceback (most recent call last):
  File "/home/samrbdev/Desktop/Projects/ClipBlend/classes/eventHandler.py", line 53, in on_press
    self.__CtrlPressed()
TypeError: eventHanlder.__CtrlPressed() missing 1 required positional argument: 'key'
03-11-2024 19:04:ERROR:root:eventHanlder.__CtrlPressed() missing 1 required positional argument: 'key'
Traceback (most recent call last):
  File "/home/samrbdev/Desktop/Projects/ClipBlend/classes/eventHandler.py", line 53, in on_press
    self.__CtrlPressed()
TypeError: eventHanlder.__CtrlPressed() missing 1 required positional argument: 'key'
03-11-2024 19:04:ERROR:root:eventHanlder.__CtrlPressed() missing 1 required positional argument: 'key'
Traceback (most recent call last):
  File "/home/samrbdev/Desktop/Projects/ClipBlend/classes/eventHandler.py", line 53, in on_press
    self.__CtrlPressed()
TypeError: eventHanlder.__CtrlPressed() missing 1 required positional argument: 'key'
03-11-2024 19:04:ERROR:root:eventHanlder.__CtrlPressed() missing 1 required positional argument: 'key'
Traceback (most recent call last):
  File "/home/samrbdev/Desktop/Projects/ClipBlend/classes/eventHandler.py", line 53, in on_press
    self.__CtrlPressed()
TypeError: eventHanlder.__CtrlPressed() missing 1 required positional argument: 'key'
03-11-2024 19:04:ERROR:root:eventHanlder.__CtrlPressed() missing 1 required positional argument: 'key'
Traceback (most recent call last):
  File "/home/samrbdev/Desktop/Projects/ClipBlend/classes/eventHandler.py", line 53, in on_press
    self.__CtrlPressed()
TypeError: eventHanlder.__CtrlPressed() missing 1 required positional argument: 'key'
03-11-2024 19:04:ERROR:root:eventHanlder.__CtrlPressed() missing 1 required positional argument: 'key'
Traceback (most recent call last):
  File "/home/samrbdev/Desktop/Projects/ClipBlend/classes/eventHandler.py", line 53, in on_press
    self.__CtrlPressed()
TypeError: eventHanlder.__CtrlPressed() missing 1 required positional argument: 'key'
03-11-2024 19:04:ERROR:root:eventHanlder.__CtrlPressed() missing 1 required positional argument: 'key'
Traceback (most recent call last):
  File "/home/samrbdev/Desktop/Projects/ClipBlend/classes/eventHandler.py", line 53, in on_press
    self.__CtrlPressed()
TypeError: eventHanlder.__CtrlPressed() missing 1 required positional argument: 'key'
03-11-2024 19:04:ERROR:root:eventHanlder.__CtrlPressed() missing 1 required positional argument: 'key'
Traceback (most recent call last):
  File "/home/samrbdev/Desktop/Projects/ClipBlend/classes/eventHandler.py", line 53, in on_press
    self.__CtrlPressed()
TypeError: eventHanlder.__CtrlPressed() missing 1 required positional argument: 'key'
03-11-2024 19:04:ERROR:root:eventHanlder.__CtrlPressed() missing 1 required positional argument: 'key'
Traceback (most recent call last):
  File "/home/samrbdev/Desktop/Projects/ClipBlend/classes/eventHandler.py", line 53, in on_press
    self.__CtrlPressed()
TypeError: eventHanlder.__CtrlPressed() missing 1 required positional argument: 'key'
03-11-2024 19:04:ERROR:root:eventHanlder.__CtrlPressed() missing 1 required positional argument: 'key'
Traceback (most recent call last):
  File "/home/samrbdev/Desktop/Projects/ClipBlend/classes/eventHandler.py", line 53, in on_press
    self.__CtrlPressed()
TypeError: eventHanlder.__CtrlPressed() missing 1 required positional argument: 'key'
03-11-2024 19:04:ERROR:root:eventHanlder.__CtrlPressed() missing 1 required positional argument: 'key'
Traceback (most recent call last):
  File "/home/samrbdev/Desktop/Projects/ClipBlend/classes/eventHandler.py", line 53, in on_press
    self.__CtrlPressed()
TypeError: eventHanlder.__CtrlPressed() missing 1 required positional argument: 'key'
03-11-2024 19:04:ERROR:root:eventHanlder.__CtrlPressed() missing 1 required positional argument: 'key'
Traceback (most recent call last):
  File "/home/samrbdev/Desktop/Projects/ClipBlend/classes/eventHandler.py", line 53, in on_press
    self.__CtrlPressed()
TypeError: eventHanlder.__CtrlPressed() missing 1 required positional argument: 'key'
03-11-2024 19:04:ERROR:root:eventHanlder.__CtrlPressed() missing 1 required positional argument: 'key'
Traceback (most recent call last):
  File "/home/samrbdev/Desktop/Projects/ClipBlend/classes/eventHandler.py", line 53, in on_press
    self.__CtrlPressed()
TypeError: eventHanlder.__CtrlPressed() missing 1 required positional argument: 'key'
03-11-2024 19:06:ERROR:pynput.keyboard.Listener:Unhandled exception in listener callback
Traceback (most recent call last):
  File "/home/samrbdev/Desktop/Projects/ClipBlend/venv/lib/python3.12/site-packages/pynput/_util/__init__.py", line 229, in inner
    return f(self, *args, **kwargs)
           ^^^^^^^^^^^^^^^^^^^^^^^^
  File "/home/samrbdev/Desktop/Projects/ClipBlend/venv/lib/python3.12/site-packages/pynput/_util/xorg.py", line 470, in _handler
    self._handle(self._display_stop, event)
  File "/home/samrbdev/Desktop/Projects/ClipBlend/venv/lib/python3.12/site-packages/pynput/keyboard/_xorg.py", line 581, in _handle
    self.on_release(key)
  File "/home/samrbdev/Desktop/Projects/ClipBlend/venv/lib/python3.12/site-packages/pynput/_util/__init__.py", line 145, in inner
    if f(*args) is False:
       ^^^^^^^^
TypeError: eventHanlder.__CtrlReleased() takes 1 positional argument but 2 were given
03-11-2024 19:07:ERROR:pynput.keyboard.Listener:Unhandled exception in listener callback
Traceback (most recent call last):
  File "/home/samrbdev/Desktop/Projects/ClipBlend/venv/lib/python3.12/site-packages/pynput/_util/__init__.py", line 229, in inner
    return f(self, *args, **kwargs)
           ^^^^^^^^^^^^^^^^^^^^^^^^
  File "/home/samrbdev/Desktop/Projects/ClipBlend/venv/lib/python3.12/site-packages/pynput/_util/xorg.py", line 470, in _handler
    self._handle(self._display_stop, event)
  File "/home/samrbdev/Desktop/Projects/ClipBlend/venv/lib/python3.12/site-packages/pynput/keyboard/_xorg.py", line 581, in _handle
    self.on_release(key)
  File "/home/samrbdev/Desktop/Projects/ClipBlend/venv/lib/python3.12/site-packages/pynput/_util/__init__.py", line 145, in inner
    if f(*args) is False:
       ^^^^^^^^
TypeError: eventHanlder.__CtrlReleased() takes 1 positional argument but 2 were given
03-11-2024 19:07:ERROR:root:'Key' object has no attribute 'char'
Traceback (most recent call last):
  File "/home/samrbdev/Desktop/Projects/ClipBlend/classes/eventHandler.py", line 31, in __CtrlPressed
    if self.__isCtrlPressed and key.char == "c":
                                ^^^^^^^^
AttributeError: 'Key' object has no attribute 'char'
03-11-2024 19:07:ERROR:pynput.keyboard.Listener:Unhandled exception in listener callback
Traceback (most recent call last):
  File "/home/samrbdev/Desktop/Projects/ClipBlend/venv/lib/python3.12/site-packages/pynput/_util/__init__.py", line 229, in inner
    return f(self, *args, **kwargs)
           ^^^^^^^^^^^^^^^^^^^^^^^^
  File "/home/samrbdev/Desktop/Projects/ClipBlend/venv/lib/python3.12/site-packages/pynput/_util/xorg.py", line 470, in _handler
    self._handle(self._display_stop, event)
  File "/home/samrbdev/Desktop/Projects/ClipBlend/venv/lib/python3.12/site-packages/pynput/keyboard/_xorg.py", line 581, in _handle
    self.on_release(key)
  File "/home/samrbdev/Desktop/Projects/ClipBlend/venv/lib/python3.12/site-packages/pynput/_util/__init__.py", line 145, in inner
    if f(*args) is False:
       ^^^^^^^^
TypeError: eventHanlder.__CtrlReleased() takes 1 positional argument but 2 were given
03-11-2024 19:08:ERROR:pynput.keyboard.Listener:Unhandled exception in listener callback
Traceback (most recent call last):
  File "/home/samrbdev/Desktop/Projects/ClipBlend/venv/lib/python3.12/site-packages/pynput/_util/__init__.py", line 229, in inner
    return f(self, *args, **kwargs)
           ^^^^^^^^^^^^^^^^^^^^^^^^
  File "/home/samrbdev/Desktop/Projects/ClipBlend/venv/lib/python3.12/site-packages/pynput/_util/xorg.py", line 470, in _handler
    self._handle(self._display_stop, event)
  File "/home/samrbdev/Desktop/Projects/ClipBlend/venv/lib/python3.12/site-packages/pynput/keyboard/_xorg.py", line 581, in _handle
    self.on_release(key)
  File "/home/samrbdev/Desktop/Projects/ClipBlend/venv/lib/python3.12/site-packages/pynput/_util/__init__.py", line 145, in inner
    if f(*args) is False:
       ^^^^^^^^
TypeError: eventHanlder.__CtrlReleased() takes 1 positional argument but 2 were given
